mode: set
product_discovery/domain/assembler/product_detail_assembler.go:12.58,14.2 1 1
product_discovery/domain/assembler/product_detail_assembler.go:17.100,19.20 2 1
product_discovery/domain/assembler/product_detail_assembler.go:19.20,21.3 1 0
product_discovery/domain/assembler/product_detail_assembler.go:23.2,26.30 3 1
product_discovery/domain/assembler/product_detail_assembler.go:26.30,28.14 2 1
product_discovery/domain/assembler/product_detail_assembler.go:28.14,30.4 1 1
product_discovery/domain/assembler/product_detail_assembler.go:31.3,36.5 1 1
product_discovery/domain/assembler/product_detail_assembler.go:39.2,50.3 1 1
product_discovery/domain/assembler/product_list_assembler.go:12.54,14.2 1 1
product_discovery/domain/assembler/product_list_assembler.go:20.34,22.41 2 1
product_discovery/domain/assembler/product_list_assembler.go:22.41,24.3 1 1
product_discovery/domain/assembler/product_list_assembler.go:26.2,39.3 2 1
product_discovery/domain/assembler/product_list_assembler.go:43.80,45.20 2 1
product_discovery/domain/assembler/product_list_assembler.go:45.20,47.3 1 0
product_discovery/domain/assembler/product_list_assembler.go:48.2,57.3 1 1
product_discovery/domain/assembler/product_list_assembler.go:61.53,62.28 1 1
product_discovery/domain/assembler/product_list_assembler.go:62.28,63.21 1 1
product_discovery/domain/assembler/product_list_assembler.go:63.21,65.4 1 1
product_discovery/domain/assembler/product_list_assembler.go:67.2,67.14 1 1
product_discovery/application/product_detail_query_handler.go:23.30,28.2 1 1
product_discovery/application/product_detail_query_handler.go:33.136,35.16 2 1
product_discovery/application/product_detail_query_handler.go:35.16,38.3 2 1
product_discovery/application/product_detail_query_handler.go:39.2,39.20 1 1
product_discovery/application/product_detail_query_handler.go:39.20,41.3 1 1
product_discovery/application/product_detail_query_handler.go:43.2,44.21 2 1
product_discovery/application/product_list_query_handler.go:31.28,36.2 1 1
product_discovery/application/product_list_query_handler.go:39.130,47.25 2 1
product_discovery/application/product_list_query_handler.go:47.25,50.3 2 0
product_discovery/application/product_list_query_handler.go:52.2,53.16 2 1
product_discovery/application/product_list_query_handler.go:53.16,56.3 2 1
product_discovery/application/product_list_query_handler.go:58.2,59.16 2 1
product_discovery/application/product_list_query_handler.go:59.16,62.3 2 1
product_discovery/application/product_list_query_handler.go:64.2,65.21 2 1
product_discovery/domain/valueobject/money.go:16.63,17.16 1 1
product_discovery/domain/valueobject/money.go:17.16,19.3 1 1
product_discovery/domain/valueobject/money.go:20.2,20.20 1 1
product_discovery/domain/valueobject/money.go:20.20,22.3 1 1
product_discovery/domain/valueobject/money.go:23.2,23.55 1 1
product_discovery/domain/valueobject/pagination.go:16.59,17.16 1 1
product_discovery/domain/valueobject/pagination.go:17.16,19.3 1 1
product_discovery/domain/valueobject/pagination.go:20.2,20.15 1 1
product_discovery/domain/valueobject/pagination.go:20.15,22.3 1 1
product_discovery/domain/valueobject/pagination.go:23.2,23.16 1 1
product_discovery/domain/valueobject/pagination.go:23.16,25.3 1 1
product_discovery/domain/valueobject/pagination.go:26.2,26.54 1 1
product_discovery/domain/valueobject/price_range.go:17.50,19.21 2 1
product_discovery/domain/valueobject/price_range.go:19.21,21.3 1 1
product_discovery/domain/valueobject/price_range.go:22.2,23.16 2 1
product_discovery/domain/valueobject/price_range.go:23.16,25.3 1 1
product_discovery/domain/valueobject/price_range.go:26.2,27.16 2 1
product_discovery/domain/valueobject/price_range.go:27.16,29.3 1 1
product_discovery/domain/valueobject/price_range.go:30.2,30.15 1 1
product_discovery/domain/valueobject/price_range.go:30.15,32.3 1 1
product_discovery/domain/valueobject/price_range.go:33.2,33.44 1 1
product_discovery/infrastructure/platform/in_memory_product_client.go:19.56,23.2 1 0
product_discovery/infrastructure/platform/in_memory_product_client.go:26.40,166.2 1 0
product_discovery/infrastructure/platform/in_memory_product_client.go:169.139,172.32 2 0
product_discovery/infrastructure/platform/in_memory_product_client.go:172.32,173.32 1 0
product_discovery/infrastructure/platform/in_memory_product_client.go:173.32,174.12 1 0
product_discovery/infrastructure/platform/in_memory_product_client.go:176.3,176.33 1 0
product_discovery/infrastructure/platform/in_memory_product_client.go:179.2,183.19 3 0
product_discovery/infrastructure/platform/in_memory_product_client.go:183.19,185.3 1 0
product_discovery/infrastructure/platform/in_memory_product_client.go:186.2,187.17 2 0
product_discovery/infrastructure/platform/in_memory_product_client.go:187.17,189.3 1 0
product_discovery/infrastructure/platform/in_memory_product_client.go:190.2,193.25 3 0
product_discovery/infrastructure/platform/in_memory_product_client.go:193.25,195.3 1 0
product_discovery/infrastructure/platform/in_memory_product_client.go:197.2,200.8 1 0
product_discovery/infrastructure/platform/in_memory_product_client.go:205.130,211.32 5 0
product_discovery/infrastructure/platform/in_memory_product_client.go:211.32,212.32 1 0
product_discovery/infrastructure/platform/in_memory_product_client.go:212.32,214.4 1 0
product_discovery/infrastructure/platform/in_memory_product_client.go:215.3,216.25 2 0
product_discovery/infrastructure/platform/in_memory_product_client.go:216.25,218.4 1 0
product_discovery/infrastructure/platform/in_memory_product_client.go:219.3,219.25 1 0
product_discovery/infrastructure/platform/in_memory_product_client.go:219.25,221.4 1 0
product_discovery/infrastructure/platform/in_memory_product_client.go:224.2,225.28 2 0
product_discovery/infrastructure/platform/in_memory_product_client.go:225.28,227.3 1 0
product_discovery/infrastructure/platform/in_memory_product_client.go:228.2,229.31 2 0
product_discovery/infrastructure/platform/in_memory_product_client.go:229.31,231.3 1 0
product_discovery/infrastructure/platform/in_memory_product_client.go:233.2,233.27 1 0
product_discovery/infrastructure/platform/in_memory_product_client.go:233.27,236.3 2 0
product_discovery/infrastructure/platform/in_memory_product_client.go:238.2,243.8 1 0
product_discovery/infrastructure/platform/in_memory_product_client.go:248.128,249.32 1 0
product_discovery/infrastructure/platform/in_memory_product_client.go:249.32,250.31 1 0
product_discovery/infrastructure/platform/in_memory_product_client.go:250.31,252.4 1 0
product_discovery/infrastructure/platform/in_memory_product_client.go:254.2,254.17 1 0
product_discovery/infrastructure/platform/in_memory_product_client.go:258.60,260.30 2 0
product_discovery/infrastructure/platform/in_memory_product_client.go:260.30,267.3 1 0
product_discovery/infrastructure/platform/in_memory_product_client.go:268.2,280.3 1 0
product_discovery/infrastructure/platform/in_memory_product_client.go:284.75,286.24 1 0
product_discovery/infrastructure/platform/in_memory_product_client.go:286.24,289.51 2 0
product_discovery/infrastructure/platform/in_memory_product_client.go:289.51,291.4 1 0
product_discovery/infrastructure/platform/in_memory_product_client.go:295.2,295.64 1 0
product_discovery/infrastructure/platform/in_memory_product_client.go:295.64,297.3 1 0
product_discovery/infrastructure/platform/in_memory_product_client.go:300.2,300.28 1 0
product_discovery/infrastructure/platform/in_memory_product_client.go:300.28,302.37 2 0
product_discovery/infrastructure/platform/in_memory_product_client.go:302.37,304.4 1 0
product_discovery/infrastructure/platform/in_memory_product_client.go:305.3,306.32 2 0
product_discovery/infrastructure/platform/in_memory_product_client.go:306.32,307.37 1 0
product_discovery/infrastructure/platform/in_memory_product_client.go:307.37,309.10 2 0
product_discovery/infrastructure/platform/in_memory_product_client.go:312.3,312.13 1 0
product_discovery/infrastructure/platform/in_memory_product_client.go:312.13,314.4 1 0
product_discovery/infrastructure/platform/in_memory_product_client.go:318.2,318.54 1 0
product_discovery/infrastructure/platform/in_memory_product_client.go:318.54,320.3 1 0
product_discovery/infrastructure/platform/in_memory_product_client.go:323.2,323.54 1 0
product_discovery/infrastructure/platform/in_memory_product_client.go:323.54,325.3 1 0
product_discovery/infrastructure/platform/in_memory_product_client.go:327.2,327.13 1 0
product_discovery/api/product_detail_handler.go:19.94,21.2 1 0
product_discovery/api/product_detail_handler.go:24.79,31.16 5 0
product_discovery/api/product_detail_handler.go:31.16,32.10 1 0
product_discovery/api/product_detail_handler.go:33.55,34.51 1 0
product_discovery/api/product_detail_handler.go:35.64,36.53 1 0
product_discovery/api/product_detail_handler.go:37.11,38.74 1 0
product_discovery/api/product_detail_handler.go:40.3,40.9 1 0
product_discovery/api/product_detail_handler.go:43.2,43.37 1 0
product_discovery/api/product_list_handler.go:20.88,22.2 1 0
product_discovery/api/product_list_handler.go:25.77,32.40 5 0
product_discovery/api/product_list_handler.go:32.40,34.31 2 0
product_discovery/api/product_list_handler.go:34.31,37.4 2 0
product_discovery/api/product_list_handler.go:38.3,38.18 1 0
product_discovery/api/product_list_handler.go:40.2,40.39 1 0
product_discovery/api/product_list_handler.go:40.39,42.31 2 0
product_discovery/api/product_list_handler.go:42.31,45.4 2 0
product_discovery/api/product_list_handler.go:46.3,46.17 1 0
product_discovery/api/product_list_handler.go:49.2,50.16 2 0
product_discovery/api/product_list_handler.go:50.16,53.3 2 0
product_discovery/api/product_list_handler.go:56.2,57.53 2 0
product_discovery/api/product_list_handler.go:57.53,59.17 2 0
product_discovery/api/product_list_handler.go:59.17,62.4 2 0
product_discovery/api/product_list_handler.go:63.3,63.19 1 0
product_discovery/api/product_list_handler.go:66.2,75.16 3 0
product_discovery/api/product_list_handler.go:75.16,76.60 1 0
product_discovery/api/product_list_handler.go:76.60,79.4 2 0
product_discovery/api/product_list_handler.go:80.3,81.9 2 0
product_discovery/api/product_list_handler.go:84.2,84.37 1 0
product_discovery/api/product_list_handler.go:88.58,92.2 3 0
product_discovery/api/product_list_handler.go:95.64,97.2 1 0
product_discovery/api/router.go:11.53,12.71 1 0
product_discovery/api/router.go:12.71,18.37 5 0
product_discovery/api/router.go:18.37,21.4 2 0
product_discovery/api/router.go:23.3,23.23 1 0
product_discovery/api/router.go:31.16,38.40 5 0
product_discovery/api/router.go:38.40,41.3 2 0
product_discovery/api/router.go:43.2,43.10 1 0
product_discovery/cmd/server/main.go:14.13,38.58 12 0
product_discovery/cmd/server/main.go:38.58,40.3 1 0
product_discovery/mocks/mock_PlatformProductClient.go:21.83,23.2 1 0
product_discovery/mocks/mock_PlatformProductClient.go:26.135,29.19 2 0
product_discovery/mocks/mock_PlatformProductClient.go:29.19,30.60 1 0
product_discovery/mocks/mock_PlatformProductClient.go:33.2,35.101 3 0
product_discovery/mocks/mock_PlatformProductClient.go:35.101,37.3 1 0
product_discovery/mocks/mock_PlatformProductClient.go:38.2,38.92 1 0
product_discovery/mocks/mock_PlatformProductClient.go:38.92,40.3 1 0
product_discovery/mocks/mock_PlatformProductClient.go:40.8,41.24 1 0
product_discovery/mocks/mock_PlatformProductClient.go:41.24,43.4 1 0
product_discovery/mocks/mock_PlatformProductClient.go:46.2,46.68 1 0
product_discovery/mocks/mock_PlatformProductClient.go:46.68,48.3 1 0
product_discovery/mocks/mock_PlatformProductClient.go:48.8,50.3 1 0
product_discovery/mocks/mock_PlatformProductClient.go:52.2,52.15 1 0
product_discovery/mocks/mock_PlatformProductClient.go:63.157,65.2 1 0
product_discovery/mocks/mock_PlatformProductClient.go:67.166,68.40 1 0
product_discovery/mocks/mock_PlatformProductClient.go:68.40,70.3 1 0
product_discovery/mocks/mock_PlatformProductClient.go:71.2,71.11 1 0
product_discovery/mocks/mock_PlatformProductClient.go:74.166,77.2 2 0
product_discovery/mocks/mock_PlatformProductClient.go:79.200,82.2 2 0
product_discovery/mocks/mock_PlatformProductClient.go:85.142,88.19 2 0
product_discovery/mocks/mock_PlatformProductClient.go:88.19,89.61 1 0
product_discovery/mocks/mock_PlatformProductClient.go:92.2,94.110 3 0
product_discovery/mocks/mock_PlatformProductClient.go:94.110,96.3 1 0
product_discovery/mocks/mock_PlatformProductClient.go:97.2,97.101 1 0
product_discovery/mocks/mock_PlatformProductClient.go:97.101,99.3 1 0
product_discovery/mocks/mock_PlatformProductClient.go:99.8,100.24 1 0
product_discovery/mocks/mock_PlatformProductClient.go:100.24,102.4 1 0
product_discovery/mocks/mock_PlatformProductClient.go:105.2,105.84 1 0
product_discovery/mocks/mock_PlatformProductClient.go:105.84,107.3 1 0
product_discovery/mocks/mock_PlatformProductClient.go:107.8,109.3 1 0
product_discovery/mocks/mock_PlatformProductClient.go:111.2,111.15 1 0
product_discovery/mocks/mock_PlatformProductClient.go:122.156,124.2 1 0
product_discovery/mocks/mock_PlatformProductClient.go:126.181,127.40 1 0
product_discovery/mocks/mock_PlatformProductClient.go:127.40,129.3 1 0
product_discovery/mocks/mock_PlatformProductClient.go:130.2,130.11 1 0
product_discovery/mocks/mock_PlatformProductClient.go:133.161,136.2 2 0
product_discovery/mocks/mock_PlatformProductClient.go:138.211,141.2 2 0
product_discovery/mocks/mock_PlatformProductClient.go:144.144,147.19 2 0
product_discovery/mocks/mock_PlatformProductClient.go:147.19,148.58 1 0
product_discovery/mocks/mock_PlatformProductClient.go:151.2,153.115 3 0
product_discovery/mocks/mock_PlatformProductClient.go:153.115,155.3 1 0
product_discovery/mocks/mock_PlatformProductClient.go:156.2,156.106 1 0
product_discovery/mocks/mock_PlatformProductClient.go:156.106,158.3 1 0
product_discovery/mocks/mock_PlatformProductClient.go:158.8,159.24 1 0
product_discovery/mocks/mock_PlatformProductClient.go:159.24,161.4 1 0
product_discovery/mocks/mock_PlatformProductClient.go:164.2,164.84 1 0
product_discovery/mocks/mock_PlatformProductClient.go:164.84,166.3 1 0
product_discovery/mocks/mock_PlatformProductClient.go:166.8,168.3 1 0
product_discovery/mocks/mock_PlatformProductClient.go:170.2,170.15 1 0
product_discovery/mocks/mock_PlatformProductClient.go:181.150,183.2 1 0
product_discovery/mocks/mock_PlatformProductClient.go:185.175,186.40 1 0
product_discovery/mocks/mock_PlatformProductClient.go:186.40,188.3 1 0
product_discovery/mocks/mock_PlatformProductClient.go:189.2,189.11 1 0
product_discovery/mocks/mock_PlatformProductClient.go:192.160,195.2 2 0
product_discovery/mocks/mock_PlatformProductClient.go:197.210,200.2 2 0
product_discovery/mocks/mock_PlatformProductClient.go:207.31,211.19 3 0
product_discovery/mocks/mock_PlatformProductClient.go:211.19,211.49 1 0
product_discovery/mocks/mock_PlatformProductClient.go:213.2,213.13 1 0
product_discovery/config/config.go:11.20,13.16 2 0
product_discovery/config/config.go:13.16,15.3 1 0
product_discovery/config/config.go:16.2,18.3 1 0
